CRITICAL - 2022-04-04 10:13:51 --> Invalid file: js/main.php
#0 C:\xampp\htdocs\c2sistemaventas\system\View\View.php(198): CodeIgniter\Exceptions\FrameworkException::forInvalidFile('js/main.php')
#1 C:\xampp\htdocs\c2sistemaventas\system\Common.php(1089): CodeIgniter\View\View->render('js/main', Array, true)
#2 C:\xampp\htdocs\c2sistemaventas\app\Controllers\Dashboard.php(23): view('js/main')
#3 C:\xampp\htdocs\c2sistemaventas\system\CodeIgniter.php(825): App\Controllers\Dashboard->index()
#4 C:\xampp\htdocs\c2sistemaventas\system\CodeIgniter.php(412): CodeIgniter\CodeIgniter->runController(Object(App\Controllers\Dashboard))
#5 C:\xampp\htdocs\c2sistemaventas\system\CodeIgniter.php(320): CodeIgniter\CodeIgniter->handleRequest(NULL, Object(Config\Cache), false)
#6 C:\xampp\htdocs\c2sistemaventas\public\index.php(37): CodeIgniter\CodeIgniter->run()
#7 C:\xampp\htdocs\c2sistemaventas\system\Commands\Server\rewrite.php(43): require_once('C:\\xampp\\htdocs...')
#8 {main}
CRITICAL - 2022-04-04 10:15:28 --> Invalid file: js/main.php
#0 C:\xampp\htdocs\c2sistemaventas\system\View\View.php(198): CodeIgniter\Exceptions\FrameworkException::forInvalidFile('js/main.php')
#1 C:\xampp\htdocs\c2sistemaventas\system\Common.php(1089): CodeIgniter\View\View->render('js/main', Array, true)
#2 C:\xampp\htdocs\c2sistemaventas\app\Controllers\Dashboard.php(23): view('js/main')
#3 C:\xampp\htdocs\c2sistemaventas\system\CodeIgniter.php(825): App\Controllers\Dashboard->index()
#4 C:\xampp\htdocs\c2sistemaventas\system\CodeIgniter.php(412): CodeIgniter\CodeIgniter->runController(Object(App\Controllers\Dashboard))
#5 C:\xampp\htdocs\c2sistemaventas\system\CodeIgniter.php(320): CodeIgniter\CodeIgniter->handleRequest(NULL, Object(Config\Cache), false)
#6 C:\xampp\htdocs\c2sistemaventas\public\index.php(37): CodeIgniter\CodeIgniter->run()
#7 C:\xampp\htdocs\c2sistemaventas\system\Commands\Server\rewrite.php(43): require_once('C:\\xampp\\htdocs...')
#8 {main}
CRITICAL - 2022-04-04 10:15:37 --> Invalid file: js/main.php
#0 C:\xampp\htdocs\c2sistemaventas\system\View\View.php(198): CodeIgniter\Exceptions\FrameworkException::forInvalidFile('js/main.php')
#1 C:\xampp\htdocs\c2sistemaventas\system\Common.php(1089): CodeIgniter\View\View->render('js/main', Array, true)
#2 C:\xampp\htdocs\c2sistemaventas\app\Controllers\Dashboard.php(23): view('js/main')
#3 C:\xampp\htdocs\c2sistemaventas\system\CodeIgniter.php(825): App\Controllers\Dashboard->index()
#4 C:\xampp\htdocs\c2sistemaventas\system\CodeIgniter.php(412): CodeIgniter\CodeIgniter->runController(Object(App\Controllers\Dashboard))
#5 C:\xampp\htdocs\c2sistemaventas\system\CodeIgniter.php(320): CodeIgniter\CodeIgniter->handleRequest(NULL, Object(Config\Cache), false)
#6 C:\xampp\htdocs\c2sistemaventas\public\index.php(37): CodeIgniter\CodeIgniter->run()
#7 C:\xampp\htdocs\c2sistemaventas\system\Commands\Server\rewrite.php(43): require_once('C:\\xampp\\htdocs...')
#8 {main}
CRITICAL - 2022-04-04 14:57:41 --> Invalid file: js/main.php
#0 C:\xampp\htdocs\c2sistemaventas\system\View\View.php(198): CodeIgniter\Exceptions\FrameworkException::forInvalidFile('js/main.php')
#1 C:\xampp\htdocs\c2sistemaventas\system\Common.php(1089): CodeIgniter\View\View->render('js/main', Array, true)
#2 C:\xampp\htdocs\c2sistemaventas\app\Controllers\Dashboard.php(23): view('js/main')
#3 C:\xampp\htdocs\c2sistemaventas\system\CodeIgniter.php(825): App\Controllers\Dashboard->index()
#4 C:\xampp\htdocs\c2sistemaventas\system\CodeIgniter.php(412): CodeIgniter\CodeIgniter->runController(Object(App\Controllers\Dashboard))
#5 C:\xampp\htdocs\c2sistemaventas\system\CodeIgniter.php(320): CodeIgniter\CodeIgniter->handleRequest(NULL, Object(Config\Cache), false)
#6 C:\xampp\htdocs\c2sistemaventas\public\index.php(37): CodeIgniter\CodeIgniter->run()
#7 C:\xampp\htdocs\c2sistemaventas\system\Commands\Server\rewrite.php(43): require_once('C:\\xampp\\htdocs...')
#8 {main}
CRITICAL - 2022-04-04 14:57:42 --> Invalid file: js/main.php
#0 C:\xampp\htdocs\c2sistemaventas\system\View\View.php(198): CodeIgniter\Exceptions\FrameworkException::forInvalidFile('js/main.php')
#1 C:\xampp\htdocs\c2sistemaventas\system\Common.php(1089): CodeIgniter\View\View->render('js/main', Array, true)
#2 C:\xampp\htdocs\c2sistemaventas\app\Controllers\Dashboard.php(23): view('js/main')
#3 C:\xampp\htdocs\c2sistemaventas\system\CodeIgniter.php(825): App\Controllers\Dashboard->index()
#4 C:\xampp\htdocs\c2sistemaventas\system\CodeIgniter.php(412): CodeIgniter\CodeIgniter->runController(Object(App\Controllers\Dashboard))
#5 C:\xampp\htdocs\c2sistemaventas\system\CodeIgniter.php(320): CodeIgniter\CodeIgniter->handleRequest(NULL, Object(Config\Cache), false)
#6 C:\xampp\htdocs\c2sistemaventas\public\index.php(37): CodeIgniter\CodeIgniter->run()
#7 C:\xampp\htdocs\c2sistemaventas\system\Commands\Server\rewrite.php(43): require_once('C:\\xampp\\htdocs...')
#8 {main}
CRITICAL - 2022-04-04 14:57:46 --> Invalid file: js/main.php
#0 C:\xampp\htdocs\c2sistemaventas\system\View\View.php(198): CodeIgniter\Exceptions\FrameworkException::forInvalidFile('js/main.php')
#1 C:\xampp\htdocs\c2sistemaventas\system\Common.php(1089): CodeIgniter\View\View->render('js/main', Array, true)
#2 C:\xampp\htdocs\c2sistemaventas\app\Controllers\Dashboard.php(23): view('js/main')
#3 C:\xampp\htdocs\c2sistemaventas\system\CodeIgniter.php(825): App\Controllers\Dashboard->index()
#4 C:\xampp\htdocs\c2sistemaventas\system\CodeIgniter.php(412): CodeIgniter\CodeIgniter->runController(Object(App\Controllers\Dashboard))
#5 C:\xampp\htdocs\c2sistemaventas\system\CodeIgniter.php(320): CodeIgniter\CodeIgniter->handleRequest(NULL, Object(Config\Cache), false)
#6 C:\xampp\htdocs\c2sistemaventas\public\index.php(37): CodeIgniter\CodeIgniter->run()
#7 C:\xampp\htdocs\c2sistemaventas\system\Commands\Server\rewrite.php(43): require_once('C:\\xampp\\htdocs...')
#8 {main}
CRITICAL - 2022-04-04 14:58:53 --> Invalid file: js/main.php
#0 C:\xampp\htdocs\c2sistemaventas\system\View\View.php(198): CodeIgniter\Exceptions\FrameworkException::forInvalidFile('js/main.php')
#1 C:\xampp\htdocs\c2sistemaventas\system\Common.php(1089): CodeIgniter\View\View->render('js/main', Array, true)
#2 C:\xampp\htdocs\c2sistemaventas\app\Controllers\Dashboard.php(23): view('js/main')
#3 C:\xampp\htdocs\c2sistemaventas\system\CodeIgniter.php(825): App\Controllers\Dashboard->index()
#4 C:\xampp\htdocs\c2sistemaventas\system\CodeIgniter.php(412): CodeIgniter\CodeIgniter->runController(Object(App\Controllers\Dashboard))
#5 C:\xampp\htdocs\c2sistemaventas\system\CodeIgniter.php(320): CodeIgniter\CodeIgniter->handleRequest(NULL, Object(Config\Cache), false)
#6 C:\xampp\htdocs\c2sistemaventas\public\index.php(37): CodeIgniter\CodeIgniter->run()
#7 C:\xampp\htdocs\c2sistemaventas\system\Commands\Server\rewrite.php(43): require_once('C:\\xampp\\htdocs...')
#8 {main}
CRITICAL - 2022-04-04 14:58:54 --> Invalid file: js/main.php
#0 C:\xampp\htdocs\c2sistemaventas\system\View\View.php(198): CodeIgniter\Exceptions\FrameworkException::forInvalidFile('js/main.php')
#1 C:\xampp\htdocs\c2sistemaventas\system\Common.php(1089): CodeIgniter\View\View->render('js/main', Array, true)
#2 C:\xampp\htdocs\c2sistemaventas\app\Controllers\Dashboard.php(23): view('js/main')
#3 C:\xampp\htdocs\c2sistemaventas\system\CodeIgniter.php(825): App\Controllers\Dashboard->index()
#4 C:\xampp\htdocs\c2sistemaventas\system\CodeIgniter.php(412): CodeIgniter\CodeIgniter->runController(Object(App\Controllers\Dashboard))
#5 C:\xampp\htdocs\c2sistemaventas\system\CodeIgniter.php(320): CodeIgniter\CodeIgniter->handleRequest(NULL, Object(Config\Cache), false)
#6 C:\xampp\htdocs\c2sistemaventas\public\index.php(37): CodeIgniter\CodeIgniter->run()
#7 C:\xampp\htdocs\c2sistemaventas\system\Commands\Server\rewrite.php(43): require_once('C:\\xampp\\htdocs...')
#8 {main}
CRITICAL - 2022-04-04 17:04:09 --> You must set the database table to be used with your query.
#0 C:\xampp\htdocs\c2sistemaventas\system\Model.php(545): CodeIgniter\Database\BaseConnection->table(NULL)
#1 C:\xampp\htdocs\c2sistemaventas\system\Model.php(722): CodeIgniter\Model->builder()
#2 C:\xampp\htdocs\c2sistemaventas\app\Controllers\Profile.php(55): CodeIgniter\Model->__call('createUser', Array)
#3 C:\xampp\htdocs\c2sistemaventas\system\CodeIgniter.php(825): App\Controllers\Profile->save()
#4 C:\xampp\htdocs\c2sistemaventas\system\CodeIgniter.php(412): CodeIgniter\CodeIgniter->runController(Object(App\Controllers\Profile))
#5 C:\xampp\htdocs\c2sistemaventas\system\CodeIgniter.php(320): CodeIgniter\CodeIgniter->handleRequest(NULL, Object(Config\Cache), false)
#6 C:\xampp\htdocs\c2sistemaventas\public\index.php(37): CodeIgniter\CodeIgniter->run()
#7 C:\xampp\htdocs\c2sistemaventas\system\Commands\Server\rewrite.php(43): require_once('C:\\xampp\\htdocs...')
#8 {main}
ERROR - 2022-04-04 17:09:05 --> Unknown column 'address' in 'field list'
CRITICAL - 2022-04-04 17:09:05 --> Call to a member function getRowObject() on bool
#0 C:\xampp\htdocs\c2sistemaventas\app\Controllers\Profile.php(31): App\Models\ProfileModel->readUser('8')
#1 C:\xampp\htdocs\c2sistemaventas\system\CodeIgniter.php(825): App\Controllers\Profile->getData()
#2 C:\xampp\htdocs\c2sistemaventas\system\CodeIgniter.php(412): CodeIgniter\CodeIgniter->runController(Object(App\Controllers\Profile))
#3 C:\xampp\htdocs\c2sistemaventas\system\CodeIgniter.php(320): CodeIgniter\CodeIgniter->handleRequest(NULL, Object(Config\Cache), false)
#4 C:\xampp\htdocs\c2sistemaventas\public\index.php(37): CodeIgniter\CodeIgniter->run()
#5 C:\xampp\htdocs\c2sistemaventas\system\Commands\Server\rewrite.php(43): require_once('C:\\xampp\\htdocs...')
#6 {main}
ERROR - 2022-04-04 17:09:19 --> Unknown column 'address' in 'field list'
CRITICAL - 2022-04-04 17:09:19 --> Call to a member function getRowObject() on bool
#0 C:\xampp\htdocs\c2sistemaventas\app\Controllers\Profile.php(31): App\Models\ProfileModel->readUser('8')
#1 C:\xampp\htdocs\c2sistemaventas\system\CodeIgniter.php(825): App\Controllers\Profile->getData()
#2 C:\xampp\htdocs\c2sistemaventas\system\CodeIgniter.php(412): CodeIgniter\CodeIgniter->runController(Object(App\Controllers\Profile))
#3 C:\xampp\htdocs\c2sistemaventas\system\CodeIgniter.php(320): CodeIgniter\CodeIgniter->handleRequest(NULL, Object(Config\Cache), false)
#4 C:\xampp\htdocs\c2sistemaventas\public\index.php(37): CodeIgniter\CodeIgniter->run()
#5 C:\xampp\htdocs\c2sistemaventas\system\Commands\Server\rewrite.php(43): require_once('C:\\xampp\\htdocs...')
#6 {main}
ERROR - 2022-04-04 17:09:25 --> Unknown column 'address' in 'field list'
CRITICAL - 2022-04-04 17:09:25 --> Call to a member function getRowObject() on bool
#0 C:\xampp\htdocs\c2sistemaventas\app\Controllers\Profile.php(31): App\Models\ProfileModel->readUser('8')
#1 C:\xampp\htdocs\c2sistemaventas\system\CodeIgniter.php(825): App\Controllers\Profile->getData()
#2 C:\xampp\htdocs\c2sistemaventas\system\CodeIgniter.php(412): CodeIgniter\CodeIgniter->runController(Object(App\Controllers\Profile))
#3 C:\xampp\htdocs\c2sistemaventas\system\CodeIgniter.php(320): CodeIgniter\CodeIgniter->handleRequest(NULL, Object(Config\Cache), false)
#4 C:\xampp\htdocs\c2sistemaventas\public\index.php(37): CodeIgniter\CodeIgniter->run()
#5 C:\xampp\htdocs\c2sistemaventas\system\Commands\Server\rewrite.php(43): require_once('C:\\xampp\\htdocs...')
#6 {main}
ERROR - 2022-04-04 17:09:52 --> Unknown column 'address' in 'field list'
CRITICAL - 2022-04-04 17:09:52 --> Call to a member function getRowObject() on bool
#0 C:\xampp\htdocs\c2sistemaventas\app\Controllers\Profile.php(31): App\Models\ProfileModel->readUser('8')
#1 C:\xampp\htdocs\c2sistemaventas\system\CodeIgniter.php(825): App\Controllers\Profile->getData()
#2 C:\xampp\htdocs\c2sistemaventas\system\CodeIgniter.php(412): CodeIgniter\CodeIgniter->runController(Object(App\Controllers\Profile))
#3 C:\xampp\htdocs\c2sistemaventas\system\CodeIgniter.php(320): CodeIgniter\CodeIgniter->handleRequest(NULL, Object(Config\Cache), false)
#4 C:\xampp\htdocs\c2sistemaventas\public\index.php(37): CodeIgniter\CodeIgniter->run()
#5 C:\xampp\htdocs\c2sistemaventas\system\Commands\Server\rewrite.php(43): require_once('C:\\xampp\\htdocs...')
#6 {main}
ERROR - 2022-04-04 17:11:27 --> Unknown column 'address' in 'field list'
CRITICAL - 2022-04-04 17:11:27 --> Call to a member function getRowObject() on bool
#0 C:\xampp\htdocs\c2sistemaventas\app\Controllers\Profile.php(31): App\Models\ProfileModel->readUser('8')
#1 C:\xampp\htdocs\c2sistemaventas\system\CodeIgniter.php(825): App\Controllers\Profile->getData()
#2 C:\xampp\htdocs\c2sistemaventas\system\CodeIgniter.php(412): CodeIgniter\CodeIgniter->runController(Object(App\Controllers\Profile))
#3 C:\xampp\htdocs\c2sistemaventas\system\CodeIgniter.php(320): CodeIgniter\CodeIgniter->handleRequest(NULL, Object(Config\Cache), false)
#4 C:\xampp\htdocs\c2sistemaventas\public\index.php(37): CodeIgniter\CodeIgniter->run()
#5 C:\xampp\htdocs\c2sistemaventas\system\Commands\Server\rewrite.php(43): require_once('C:\\xampp\\htdocs...')
#6 {main}
ERROR - 2022-04-04 17:13:57 --> Unknown column 'address' in 'field list'
CRITICAL - 2022-04-04 17:13:57 --> Call to a member function getRowObject() on bool
#0 C:\xampp\htdocs\c2sistemaventas\app\Controllers\Profile.php(31): App\Models\ProfileModel->readUser('8')
#1 C:\xampp\htdocs\c2sistemaventas\system\CodeIgniter.php(825): App\Controllers\Profile->getData()
#2 C:\xampp\htdocs\c2sistemaventas\system\CodeIgniter.php(412): CodeIgniter\CodeIgniter->runController(Object(App\Controllers\Profile))
#3 C:\xampp\htdocs\c2sistemaventas\system\CodeIgniter.php(320): CodeIgniter\CodeIgniter->handleRequest(NULL, Object(Config\Cache), false)
#4 C:\xampp\htdocs\c2sistemaventas\public\index.php(37): CodeIgniter\CodeIgniter->run()
#5 C:\xampp\htdocs\c2sistemaventas\system\Commands\Server\rewrite.php(43): require_once('C:\\xampp\\htdocs...')
#6 {main}
ERROR - 2022-04-04 17:23:04 --> Unknown column 'address' in 'field list'
CRITICAL - 2022-04-04 17:23:04 --> Call to a member function getRowObject() on bool
#0 C:\xampp\htdocs\c2sistemaventas\app\Controllers\Profile.php(31): App\Models\ProfileModel->readUser('8')
#1 C:\xampp\htdocs\c2sistemaventas\system\CodeIgniter.php(825): App\Controllers\Profile->getData()
#2 C:\xampp\htdocs\c2sistemaventas\system\CodeIgniter.php(412): CodeIgniter\CodeIgniter->runController(Object(App\Controllers\Profile))
#3 C:\xampp\htdocs\c2sistemaventas\system\CodeIgniter.php(320): CodeIgniter\CodeIgniter->handleRequest(NULL, Object(Config\Cache), false)
#4 C:\xampp\htdocs\c2sistemaventas\public\index.php(37): CodeIgniter\CodeIgniter->run()
#5 C:\xampp\htdocs\c2sistemaventas\system\Commands\Server\rewrite.php(43): require_once('C:\\xampp\\htdocs...')
#6 {main}
ERROR - 2022-04-04 17:24:20 --> Unknown column 'address' in 'field list'
CRITICAL - 2022-04-04 17:24:20 --> Call to a member function getRowObject() on bool
#0 C:\xampp\htdocs\c2sistemaventas\app\Controllers\Profile.php(31): App\Models\ProfileModel->readUser('8')
#1 C:\xampp\htdocs\c2sistemaventas\system\CodeIgniter.php(825): App\Controllers\Profile->getData()
#2 C:\xampp\htdocs\c2sistemaventas\system\CodeIgniter.php(412): CodeIgniter\CodeIgniter->runController(Object(App\Controllers\Profile))
#3 C:\xampp\htdocs\c2sistemaventas\system\CodeIgniter.php(320): CodeIgniter\CodeIgniter->handleRequest(NULL, Object(Config\Cache), false)
#4 C:\xampp\htdocs\c2sistemaventas\public\index.php(37): CodeIgniter\CodeIgniter->run()
#5 C:\xampp\htdocs\c2sistemaventas\system\Commands\Server\rewrite.php(43): require_once('C:\\xampp\\htdocs...')
#6 {main}
ERROR - 2022-04-04 17:26:38 --> Unknown column 'address' in 'field list'
CRITICAL - 2022-04-04 17:26:38 --> Call to a member function getRowObject() on bool
#0 C:\xampp\htdocs\c2sistemaventas\app\Controllers\Profile.php(31): App\Models\ProfileModel->readUser('8')
#1 C:\xampp\htdocs\c2sistemaventas\system\CodeIgniter.php(825): App\Controllers\Profile->getData()
#2 C:\xampp\htdocs\c2sistemaventas\system\CodeIgniter.php(412): CodeIgniter\CodeIgniter->runController(Object(App\Controllers\Profile))
#3 C:\xampp\htdocs\c2sistemaventas\system\CodeIgniter.php(320): CodeIgniter\CodeIgniter->handleRequest(NULL, Object(Config\Cache), false)
#4 C:\xampp\htdocs\c2sistemaventas\public\index.php(37): CodeIgniter\CodeIgniter->run()
#5 C:\xampp\htdocs\c2sistemaventas\system\Commands\Server\rewrite.php(43): require_once('C:\\xampp\\htdocs...')
#6 {main}
ERROR - 2022-04-04 17:36:26 --> Unknown column 'address' in 'field list'
CRITICAL - 2022-04-04 17:36:26 --> Call to a member function getRowObject() on bool
#0 C:\xampp\htdocs\c2sistemaventas\app\Controllers\Profile.php(31): App\Models\ProfileModel->readUser('8')
#1 C:\xampp\htdocs\c2sistemaventas\system\CodeIgniter.php(825): App\Controllers\Profile->getData()
#2 C:\xampp\htdocs\c2sistemaventas\system\CodeIgniter.php(412): CodeIgniter\CodeIgniter->runController(Object(App\Controllers\Profile))
#3 C:\xampp\htdocs\c2sistemaventas\system\CodeIgniter.php(320): CodeIgniter\CodeIgniter->handleRequest(NULL, Object(Config\Cache), false)
#4 C:\xampp\htdocs\c2sistemaventas\public\index.php(37): CodeIgniter\CodeIgniter->run()
#5 C:\xampp\htdocs\c2sistemaventas\system\Commands\Server\rewrite.php(43): require_once('C:\\xampp\\htdocs...')
#6 {main}
ERROR - 2022-04-04 17:42:43 --> Unknown column 'address' in 'field list'
CRITICAL - 2022-04-04 17:42:43 --> Call to a member function getRowObject() on bool
#0 C:\xampp\htdocs\c2sistemaventas\app\Controllers\Profile.php(31): App\Models\ProfileModel->readUser('8')
#1 C:\xampp\htdocs\c2sistemaventas\system\CodeIgniter.php(825): App\Controllers\Profile->getData()
#2 C:\xampp\htdocs\c2sistemaventas\system\CodeIgniter.php(412): CodeIgniter\CodeIgniter->runController(Object(App\Controllers\Profile))
#3 C:\xampp\htdocs\c2sistemaventas\system\CodeIgniter.php(320): CodeIgniter\CodeIgniter->handleRequest(NULL, Object(Config\Cache), false)
#4 C:\xampp\htdocs\c2sistemaventas\public\index.php(37): CodeIgniter\CodeIgniter->run()
#5 C:\xampp\htdocs\c2sistemaventas\system\Commands\Server\rewrite.php(43): require_once('C:\\xampp\\htdocs...')
#6 {main}
ERROR - 2022-04-04 17:44:25 --> Unknown column 'address' in 'field list'
CRITICAL - 2022-04-04 17:44:25 --> Call to a member function getRowObject() on bool
#0 C:\xampp\htdocs\c2sistemaventas\app\Controllers\Profile.php(31): App\Models\ProfileModel->readUser('8')
#1 C:\xampp\htdocs\c2sistemaventas\system\CodeIgniter.php(825): App\Controllers\Profile->getData()
#2 C:\xampp\htdocs\c2sistemaventas\system\CodeIgniter.php(412): CodeIgniter\CodeIgniter->runController(Object(App\Controllers\Profile))
#3 C:\xampp\htdocs\c2sistemaventas\system\CodeIgniter.php(320): CodeIgniter\CodeIgniter->handleRequest(NULL, Object(Config\Cache), false)
#4 C:\xampp\htdocs\c2sistemaventas\public\index.php(37): CodeIgniter\CodeIgniter->run()
#5 C:\xampp\htdocs\c2sistemaventas\system\Commands\Server\rewrite.php(43): require_once('C:\\xampp\\htdocs...')
#6 {main}
ERROR - 2022-04-04 17:45:13 --> Unknown column 'address' in 'field list'
CRITICAL - 2022-04-04 17:45:13 --> Call to a member function getRowObject() on bool
#0 C:\xampp\htdocs\c2sistemaventas\app\Controllers\Profile.php(31): App\Models\ProfileModel->readUser('8')
#1 C:\xampp\htdocs\c2sistemaventas\system\CodeIgniter.php(825): App\Controllers\Profile->getData()
#2 C:\xampp\htdocs\c2sistemaventas\system\CodeIgniter.php(412): CodeIgniter\CodeIgniter->runController(Object(App\Controllers\Profile))
#3 C:\xampp\htdocs\c2sistemaventas\system\CodeIgniter.php(320): CodeIgniter\CodeIgniter->handleRequest(NULL, Object(Config\Cache), false)
#4 C:\xampp\htdocs\c2sistemaventas\public\index.php(37): CodeIgniter\CodeIgniter->run()
#5 C:\xampp\htdocs\c2sistemaventas\system\Commands\Server\rewrite.php(43): require_once('C:\\xampp\\htdocs...')
#6 {main}
ERROR - 2022-04-04 17:46:01 --> Unknown column 'address' in 'field list'
CRITICAL - 2022-04-04 17:46:01 --> Call to a member function getRowObject() on bool
#0 C:\xampp\htdocs\c2sistemaventas\app\Controllers\Profile.php(31): App\Models\ProfileModel->readUser('8')
#1 C:\xampp\htdocs\c2sistemaventas\system\CodeIgniter.php(825): App\Controllers\Profile->getData()
#2 C:\xampp\htdocs\c2sistemaventas\system\CodeIgniter.php(412): CodeIgniter\CodeIgniter->runController(Object(App\Controllers\Profile))
#3 C:\xampp\htdocs\c2sistemaventas\system\CodeIgniter.php(320): CodeIgniter\CodeIgniter->handleRequest(NULL, Object(Config\Cache), false)
#4 C:\xampp\htdocs\c2sistemaventas\public\index.php(37): CodeIgniter\CodeIgniter->run()
#5 C:\xampp\htdocs\c2sistemaventas\system\Commands\Server\rewrite.php(43): require_once('C:\\xampp\\htdocs...')
#6 {main}
ERROR - 2022-04-04 17:50:18 --> Unknown column 'address' in 'field list'
ERROR - 2022-04-04 17:50:18 --> Unknown column 'address' in 'field list'
CRITICAL - 2022-04-04 17:50:18 --> Call to a member function getRowObject() on bool
#0 C:\xampp\htdocs\c2sistemaventas\app\Controllers\Profile.php(31): App\Models\ProfileModel->readUser('8')
#1 C:\xampp\htdocs\c2sistemaventas\system\CodeIgniter.php(825): App\Controllers\Profile->getData()
#2 C:\xampp\htdocs\c2sistemaventas\system\CodeIgniter.php(412): CodeIgniter\CodeIgniter->runController(Object(App\Controllers\Profile))
#3 C:\xampp\htdocs\c2sistemaventas\system\CodeIgniter.php(320): CodeIgniter\CodeIgniter->handleRequest(NULL, Object(Config\Cache), false)
#4 C:\xampp\htdocs\c2sistemaventas\public\index.php(37): CodeIgniter\CodeIgniter->run()
#5 C:\xampp\htdocs\c2sistemaventas\system\Commands\Server\rewrite.php(43): require_once('C:\\xampp\\htdocs...')
#6 {main}
ERROR - 2022-04-04 17:50:32 --> Unknown column 'address' in 'field list'
ERROR - 2022-04-04 17:50:32 --> Unknown column 'address' in 'field list'
CRITICAL - 2022-04-04 17:50:32 --> Call to a member function getRowObject() on bool
#0 C:\xampp\htdocs\c2sistemaventas\app\Controllers\Profile.php(31): App\Models\ProfileModel->readUser('8')
#1 C:\xampp\htdocs\c2sistemaventas\system\CodeIgniter.php(825): App\Controllers\Profile->getData()
#2 C:\xampp\htdocs\c2sistemaventas\system\CodeIgniter.php(412): CodeIgniter\CodeIgniter->runController(Object(App\Controllers\Profile))
#3 C:\xampp\htdocs\c2sistemaventas\system\CodeIgniter.php(320): CodeIgniter\CodeIgniter->handleRequest(NULL, Object(Config\Cache), false)
#4 C:\xampp\htdocs\c2sistemaventas\public\index.php(37): CodeIgniter\CodeIgniter->run()
#5 C:\xampp\htdocs\c2sistemaventas\system\Commands\Server\rewrite.php(43): require_once('C:\\xampp\\htdocs...')
#6 {main}
CRITICAL - 2022-04-04 18:13:10 --> Invalid file: js/main.php
#0 C:\xampp\htdocs\c2sistemaventas\system\View\View.php(198): CodeIgniter\Exceptions\FrameworkException::forInvalidFile('js/main.php')
#1 C:\xampp\htdocs\c2sistemaventas\system\Common.php(1089): CodeIgniter\View\View->render('js/main', Array, true)
#2 C:\xampp\htdocs\c2sistemaventas\app\Controllers\Dashboard.php(23): view('js/main')
#3 C:\xampp\htdocs\c2sistemaventas\system\CodeIgniter.php(825): App\Controllers\Dashboard->index()
#4 C:\xampp\htdocs\c2sistemaventas\system\CodeIgniter.php(412): CodeIgniter\CodeIgniter->runController(Object(App\Controllers\Dashboard))
#5 C:\xampp\htdocs\c2sistemaventas\system\CodeIgniter.php(320): CodeIgniter\CodeIgniter->handleRequest(NULL, Object(Config\Cache), false)
#6 C:\xampp\htdocs\c2sistemaventas\public\index.php(37): CodeIgniter\CodeIgniter->run()
#7 C:\xampp\htdocs\c2sistemaventas\system\Commands\Server\rewrite.php(43): require_once('C:\\xampp\\htdocs...')
#8 {main}
CRITICAL - 2022-04-04 18:14:19 --> Invalid file: js/main.php
#0 C:\xampp\htdocs\c2sistemaventas\system\View\View.php(198): CodeIgniter\Exceptions\FrameworkException::forInvalidFile('js/main.php')
#1 C:\xampp\htdocs\c2sistemaventas\system\Common.php(1089): CodeIgniter\View\View->render('js/main', Array, true)
#2 C:\xampp\htdocs\c2sistemaventas\app\Controllers\Dashboard.php(23): view('js/main')
#3 C:\xampp\htdocs\c2sistemaventas\system\CodeIgniter.php(825): App\Controllers\Dashboard->index()
#4 C:\xampp\htdocs\c2sistemaventas\system\CodeIgniter.php(412): CodeIgniter\CodeIgniter->runController(Object(App\Controllers\Dashboard))
#5 C:\xampp\htdocs\c2sistemaventas\system\CodeIgniter.php(320): CodeIgniter\CodeIgniter->handleRequest(NULL, Object(Config\Cache), false)
#6 C:\xampp\htdocs\c2sistemaventas\public\index.php(37): CodeIgniter\CodeIgniter->run()
#7 C:\xampp\htdocs\c2sistemaventas\system\Commands\Server\rewrite.php(43): require_once('C:\\xampp\\htdocs...')
#8 {main}
CRITICAL - 2022-04-04 19:03:47 --> Array to string conversion
#0 C:\xampp\htdocs\c2sistemaventas\app\Views\Js\product.php(5): CodeIgniter\Debug\Exceptions->errorHandler(2, 'Array to string...', 'C:\\xampp\\htdocs...', 5)
#1 C:\xampp\htdocs\c2sistemaventas\system\View\View.php(210): include('C:\\xampp\\htdocs...')
#2 C:\xampp\htdocs\c2sistemaventas\system\View\View.php(213): CodeIgniter\View\View->CodeIgniter\View\{closure}()
#3 C:\xampp\htdocs\c2sistemaventas\system\Common.php(1089): CodeIgniter\View\View->render('js/product', Array, true)
#4 C:\xampp\htdocs\c2sistemaventas\app\Controllers\Product\Add.php(38): view('js/product')
#5 C:\xampp\htdocs\c2sistemaventas\system\CodeIgniter.php(825): App\Controllers\Product\Add->index()
#6 C:\xampp\htdocs\c2sistemaventas\system\CodeIgniter.php(412): CodeIgniter\CodeIgniter->runController(Object(App\Controllers\Product\Add))
#7 C:\xampp\htdocs\c2sistemaventas\system\CodeIgniter.php(320): CodeIgniter\CodeIgniter->handleRequest(NULL, Object(Config\Cache), false)
#8 C:\xampp\htdocs\c2sistemaventas\public\index.php(37): CodeIgniter\CodeIgniter->run()
#9 C:\xampp\htdocs\c2sistemaventas\system\Commands\Server\rewrite.php(43): require_once('C:\\xampp\\htdocs...')
#10 {main}
CRITICAL - 2022-04-04 19:05:30 --> Array to string conversion
#0 C:\xampp\htdocs\c2sistemaventas\app\Views\Js\product.php(5): CodeIgniter\Debug\Exceptions->errorHandler(2, 'Array to string...', 'C:\\xampp\\htdocs...', 5)
#1 C:\xampp\htdocs\c2sistemaventas\system\View\View.php(210): include('C:\\xampp\\htdocs...')
#2 C:\xampp\htdocs\c2sistemaventas\system\View\View.php(213): CodeIgniter\View\View->CodeIgniter\View\{closure}()
#3 C:\xampp\htdocs\c2sistemaventas\system\Common.php(1089): CodeIgniter\View\View->render('js/product', Array, true)
#4 C:\xampp\htdocs\c2sistemaventas\app\Controllers\Product\Add.php(38): view('js/product')
#5 C:\xampp\htdocs\c2sistemaventas\system\CodeIgniter.php(825): App\Controllers\Product\Add->index()
#6 C:\xampp\htdocs\c2sistemaventas\system\CodeIgniter.php(412): CodeIgniter\CodeIgniter->runController(Object(App\Controllers\Product\Add))
#7 C:\xampp\htdocs\c2sistemaventas\system\CodeIgniter.php(320): CodeIgniter\CodeIgniter->handleRequest(NULL, Object(Config\Cache), false)
#8 C:\xampp\htdocs\c2sistemaventas\public\index.php(37): CodeIgniter\CodeIgniter->run()
#9 C:\xampp\htdocs\c2sistemaventas\system\Commands\Server\rewrite.php(43): require_once('C:\\xampp\\htdocs...')
#10 {main}
CRITICAL - 2022-04-04 19:06:30 --> Array to string conversion
#0 C:\xampp\htdocs\c2sistemaventas\app\Views\Js\product.php(5): CodeIgniter\Debug\Exceptions->errorHandler(2, 'Array to string...', 'C:\\xampp\\htdocs...', 5)
#1 C:\xampp\htdocs\c2sistemaventas\system\View\View.php(210): include('C:\\xampp\\htdocs...')
#2 C:\xampp\htdocs\c2sistemaventas\system\View\View.php(213): CodeIgniter\View\View->CodeIgniter\View\{closure}()
#3 C:\xampp\htdocs\c2sistemaventas\system\Common.php(1089): CodeIgniter\View\View->render('js/product', Array, true)
#4 C:\xampp\htdocs\c2sistemaventas\app\Controllers\Product\Add.php(38): view('js/product')
#5 C:\xampp\htdocs\c2sistemaventas\system\CodeIgniter.php(825): App\Controllers\Product\Add->index()
#6 C:\xampp\htdocs\c2sistemaventas\system\CodeIgniter.php(412): CodeIgniter\CodeIgniter->runController(Object(App\Controllers\Product\Add))
#7 C:\xampp\htdocs\c2sistemaventas\system\CodeIgniter.php(320): CodeIgniter\CodeIgniter->handleRequest(NULL, Object(Config\Cache), false)
#8 C:\xampp\htdocs\c2sistemaventas\public\index.php(37): CodeIgniter\CodeIgniter->run()
#9 C:\xampp\htdocs\c2sistemaventas\system\Commands\Server\rewrite.php(43): require_once('C:\\xampp\\htdocs...')
#10 {main}
CRITICAL - 2022-04-04 19:07:24 --> Array to string conversion
#0 C:\xampp\htdocs\c2sistemaventas\app\Views\Js\product.php(5): CodeIgniter\Debug\Exceptions->errorHandler(2, 'Array to string...', 'C:\\xampp\\htdocs...', 5)
#1 C:\xampp\htdocs\c2sistemaventas\system\View\View.php(210): include('C:\\xampp\\htdocs...')
#2 C:\xampp\htdocs\c2sistemaventas\system\View\View.php(213): CodeIgniter\View\View->CodeIgniter\View\{closure}()
#3 C:\xampp\htdocs\c2sistemaventas\system\Common.php(1089): CodeIgniter\View\View->render('js/product', Array, true)
#4 C:\xampp\htdocs\c2sistemaventas\app\Controllers\Product\Add.php(38): view('js/product')
#5 C:\xampp\htdocs\c2sistemaventas\system\CodeIgniter.php(825): App\Controllers\Product\Add->index()
#6 C:\xampp\htdocs\c2sistemaventas\system\CodeIgniter.php(412): CodeIgniter\CodeIgniter->runController(Object(App\Controllers\Product\Add))
#7 C:\xampp\htdocs\c2sistemaventas\system\CodeIgniter.php(320): CodeIgniter\CodeIgniter->handleRequest(NULL, Object(Config\Cache), false)
#8 C:\xampp\htdocs\c2sistemaventas\public\index.php(37): CodeIgniter\CodeIgniter->run()
#9 C:\xampp\htdocs\c2sistemaventas\system\Commands\Server\rewrite.php(43): require_once('C:\\xampp\\htdocs...')
#10 {main}
CRITICAL - 2022-04-04 19:07:39 --> Array to string conversion
#0 C:\xampp\htdocs\c2sistemaventas\app\Views\Js\product.php(5): CodeIgniter\Debug\Exceptions->errorHandler(2, 'Array to string...', 'C:\\xampp\\htdocs...', 5)
#1 C:\xampp\htdocs\c2sistemaventas\system\View\View.php(210): include('C:\\xampp\\htdocs...')
#2 C:\xampp\htdocs\c2sistemaventas\system\View\View.php(213): CodeIgniter\View\View->CodeIgniter\View\{closure}()
#3 C:\xampp\htdocs\c2sistemaventas\system\Common.php(1089): CodeIgniter\View\View->render('js/product', Array, true)
#4 C:\xampp\htdocs\c2sistemaventas\app\Controllers\Product\Add.php(38): view('js/product')
#5 C:\xampp\htdocs\c2sistemaventas\system\CodeIgniter.php(825): App\Controllers\Product\Add->index()
#6 C:\xampp\htdocs\c2sistemaventas\system\CodeIgniter.php(412): CodeIgniter\CodeIgniter->runController(Object(App\Controllers\Product\Add))
#7 C:\xampp\htdocs\c2sistemaventas\system\CodeIgniter.php(320): CodeIgniter\CodeIgniter->handleRequest(NULL, Object(Config\Cache), false)
#8 C:\xampp\htdocs\c2sistemaventas\public\index.php(37): CodeIgniter\CodeIgniter->run()
#9 C:\xampp\htdocs\c2sistemaventas\system\Commands\Server\rewrite.php(43): require_once('C:\\xampp\\htdocs...')
#10 {main}
CRITICAL - 2022-04-04 19:08:28 --> Array to string conversion
#0 C:\xampp\htdocs\c2sistemaventas\app\Views\Js\product.php(5): CodeIgniter\Debug\Exceptions->errorHandler(2, 'Array to string...', 'C:\\xampp\\htdocs...', 5)
#1 C:\xampp\htdocs\c2sistemaventas\system\View\View.php(210): include('C:\\xampp\\htdocs...')
#2 C:\xampp\htdocs\c2sistemaventas\system\View\View.php(213): CodeIgniter\View\View->CodeIgniter\View\{closure}()
#3 C:\xampp\htdocs\c2sistemaventas\system\Common.php(1089): CodeIgniter\View\View->render('js/product', Array, true)
#4 C:\xampp\htdocs\c2sistemaventas\app\Controllers\Product\Add.php(38): view('js/product')
#5 C:\xampp\htdocs\c2sistemaventas\system\CodeIgniter.php(825): App\Controllers\Product\Add->index()
#6 C:\xampp\htdocs\c2sistemaventas\system\CodeIgniter.php(412): CodeIgniter\CodeIgniter->runController(Object(App\Controllers\Product\Add))
#7 C:\xampp\htdocs\c2sistemaventas\system\CodeIgniter.php(320): CodeIgniter\CodeIgniter->handleRequest(NULL, Object(Config\Cache), false)
#8 C:\xampp\htdocs\c2sistemaventas\public\index.php(37): CodeIgniter\CodeIgniter->run()
#9 C:\xampp\htdocs\c2sistemaventas\system\Commands\Server\rewrite.php(43): require_once('C:\\xampp\\htdocs...')
#10 {main}
CRITICAL - 2022-04-04 19:08:40 --> Array to string conversion
#0 C:\xampp\htdocs\c2sistemaventas\app\Views\Js\product.php(5): CodeIgniter\Debug\Exceptions->errorHandler(2, 'Array to string...', 'C:\\xampp\\htdocs...', 5)
#1 C:\xampp\htdocs\c2sistemaventas\system\View\View.php(210): include('C:\\xampp\\htdocs...')
#2 C:\xampp\htdocs\c2sistemaventas\system\View\View.php(213): CodeIgniter\View\View->CodeIgniter\View\{closure}()
#3 C:\xampp\htdocs\c2sistemaventas\system\Common.php(1089): CodeIgniter\View\View->render('js/product', Array, true)
#4 C:\xampp\htdocs\c2sistemaventas\app\Controllers\Product\Add.php(38): view('js/product')
#5 C:\xampp\htdocs\c2sistemaventas\system\CodeIgniter.php(825): App\Controllers\Product\Add->index()
#6 C:\xampp\htdocs\c2sistemaventas\system\CodeIgniter.php(412): CodeIgniter\CodeIgniter->runController(Object(App\Controllers\Product\Add))
#7 C:\xampp\htdocs\c2sistemaventas\system\CodeIgniter.php(320): CodeIgniter\CodeIgniter->handleRequest(NULL, Object(Config\Cache), false)
#8 C:\xampp\htdocs\c2sistemaventas\public\index.php(37): CodeIgniter\CodeIgniter->run()
#9 C:\xampp\htdocs\c2sistemaventas\system\Commands\Server\rewrite.php(43): require_once('C:\\xampp\\htdocs...')
#10 {main}
CRITICAL - 2022-04-04 19:08:55 --> Array to string conversion
#0 C:\xampp\htdocs\c2sistemaventas\app\Views\Js\product.php(5): CodeIgniter\Debug\Exceptions->errorHandler(2, 'Array to string...', 'C:\\xampp\\htdocs...', 5)
#1 C:\xampp\htdocs\c2sistemaventas\system\View\View.php(210): include('C:\\xampp\\htdocs...')
#2 C:\xampp\htdocs\c2sistemaventas\system\View\View.php(213): CodeIgniter\View\View->CodeIgniter\View\{closure}()
#3 C:\xampp\htdocs\c2sistemaventas\system\Common.php(1089): CodeIgniter\View\View->render('js/product', Array, true)
#4 C:\xampp\htdocs\c2sistemaventas\app\Controllers\Product\Add.php(38): view('js/product')
#5 C:\xampp\htdocs\c2sistemaventas\system\CodeIgniter.php(825): App\Controllers\Product\Add->index()
#6 C:\xampp\htdocs\c2sistemaventas\system\CodeIgniter.php(412): CodeIgniter\CodeIgniter->runController(Object(App\Controllers\Product\Add))
#7 C:\xampp\htdocs\c2sistemaventas\system\CodeIgniter.php(320): CodeIgniter\CodeIgniter->handleRequest(NULL, Object(Config\Cache), false)
#8 C:\xampp\htdocs\c2sistemaventas\public\index.php(37): CodeIgniter\CodeIgniter->run()
#9 C:\xampp\htdocs\c2sistemaventas\system\Commands\Server\rewrite.php(43): require_once('C:\\xampp\\htdocs...')
#10 {main}
CRITICAL - 2022-04-04 19:09:45 --> Array to string conversion
#0 C:\xampp\htdocs\c2sistemaventas\app\Views\Product\add.php(68): CodeIgniter\Debug\Exceptions->errorHandler(2, 'Array to string...', 'C:\\xampp\\htdocs...', 68)
#1 C:\xampp\htdocs\c2sistemaventas\system\View\View.php(210): include('C:\\xampp\\htdocs...')
#2 C:\xampp\htdocs\c2sistemaventas\system\View\View.php(213): CodeIgniter\View\View->CodeIgniter\View\{closure}()
#3 C:\xampp\htdocs\c2sistemaventas\system\Common.php(1089): CodeIgniter\View\View->render('Product/add', Array, true)
#4 C:\xampp\htdocs\c2sistemaventas\app\Controllers\Product\Add.php(36): view('Product/add', Array)
#5 C:\xampp\htdocs\c2sistemaventas\system\CodeIgniter.php(825): App\Controllers\Product\Add->index()
#6 C:\xampp\htdocs\c2sistemaventas\system\CodeIgniter.php(412): CodeIgniter\CodeIgniter->runController(Object(App\Controllers\Product\Add))
#7 C:\xampp\htdocs\c2sistemaventas\system\CodeIgniter.php(320): CodeIgniter\CodeIgniter->handleRequest(NULL, Object(Config\Cache), false)
#8 C:\xampp\htdocs\c2sistemaventas\public\index.php(37): CodeIgniter\CodeIgniter->run()
#9 C:\xampp\htdocs\c2sistemaventas\system\Commands\Server\rewrite.php(43): require_once('C:\\xampp\\htdocs...')
#10 {main}
