CRITICAL - 2022-03-23 02:22:40 --> Array to string conversion
#0 C:\xampp\htdocs\c2sistemaventas\app\Views\Js\income.php(8): CodeIgniter\Debug\Exceptions->errorHandler(2, 'Array to string...', 'C:\\xampp\\htdocs...', 8)
#1 C:\xampp\htdocs\c2sistemaventas\system\View\View.php(210): include('C:\\xampp\\htdocs...')
#2 C:\xampp\htdocs\c2sistemaventas\system\View\View.php(213): CodeIgniter\View\View->CodeIgniter\View\{closure}()
#3 C:\xampp\htdocs\c2sistemaventas\system\Common.php(1089): CodeIgniter\View\View->render('Js/income', Array, true)
#4 C:\xampp\htdocs\c2sistemaventas\app\Controllers\Income.php(26): view('Js/income')
#5 C:\xampp\htdocs\c2sistemaventas\system\CodeIgniter.php(825): App\Controllers\Income->index()
#6 C:\xampp\htdocs\c2sistemaventas\system\CodeIgniter.php(412): CodeIgniter\CodeIgniter->runController(Object(App\Controllers\Income))
#7 C:\xampp\htdocs\c2sistemaventas\system\CodeIgniter.php(320): CodeIgniter\CodeIgniter->handleRequest(NULL, Object(Config\Cache), false)
#8 C:\xampp\htdocs\c2sistemaventas\public\index.php(37): CodeIgniter\CodeIgniter->run()
#9 C:\xampp\htdocs\c2sistemaventas\system\Commands\Server\rewrite.php(43): require_once('C:\\xampp\\htdocs...')
#10 {main}
CRITICAL - 2022-03-23 02:23:42 --> Array to string conversion
#0 C:\xampp\htdocs\c2sistemaventas\app\Views\Js\income.php(8): CodeIgniter\Debug\Exceptions->errorHandler(2, 'Array to string...', 'C:\\xampp\\htdocs...', 8)
#1 C:\xampp\htdocs\c2sistemaventas\system\View\View.php(210): include('C:\\xampp\\htdocs...')
#2 C:\xampp\htdocs\c2sistemaventas\system\View\View.php(213): CodeIgniter\View\View->CodeIgniter\View\{closure}()
#3 C:\xampp\htdocs\c2sistemaventas\system\Common.php(1089): CodeIgniter\View\View->render('Js/income', Array, true)
#4 C:\xampp\htdocs\c2sistemaventas\app\Controllers\Income.php(26): view('Js/income')
#5 C:\xampp\htdocs\c2sistemaventas\system\CodeIgniter.php(825): App\Controllers\Income->index()
#6 C:\xampp\htdocs\c2sistemaventas\system\CodeIgniter.php(412): CodeIgniter\CodeIgniter->runController(Object(App\Controllers\Income))
#7 C:\xampp\htdocs\c2sistemaventas\system\CodeIgniter.php(320): CodeIgniter\CodeIgniter->handleRequest(NULL, Object(Config\Cache), false)
#8 C:\xampp\htdocs\c2sistemaventas\public\index.php(37): CodeIgniter\CodeIgniter->run()
#9 C:\xampp\htdocs\c2sistemaventas\system\Commands\Server\rewrite.php(43): require_once('C:\\xampp\\htdocs...')
#10 {main}
CRITICAL - 2022-03-23 02:23:57 --> Array to string conversion
#0 C:\xampp\htdocs\c2sistemaventas\app\Views\Js\income.php(8): CodeIgniter\Debug\Exceptions->errorHandler(2, 'Array to string...', 'C:\\xampp\\htdocs...', 8)
#1 C:\xampp\htdocs\c2sistemaventas\system\View\View.php(210): include('C:\\xampp\\htdocs...')
#2 C:\xampp\htdocs\c2sistemaventas\system\View\View.php(213): CodeIgniter\View\View->CodeIgniter\View\{closure}()
#3 C:\xampp\htdocs\c2sistemaventas\system\Common.php(1089): CodeIgniter\View\View->render('Js/income', Array, true)
#4 C:\xampp\htdocs\c2sistemaventas\app\Controllers\Income.php(26): view('Js/income')
#5 C:\xampp\htdocs\c2sistemaventas\system\CodeIgniter.php(825): App\Controllers\Income->index()
#6 C:\xampp\htdocs\c2sistemaventas\system\CodeIgniter.php(412): CodeIgniter\CodeIgniter->runController(Object(App\Controllers\Income))
#7 C:\xampp\htdocs\c2sistemaventas\system\CodeIgniter.php(320): CodeIgniter\CodeIgniter->handleRequest(NULL, Object(Config\Cache), false)
#8 C:\xampp\htdocs\c2sistemaventas\public\index.php(37): CodeIgniter\CodeIgniter->run()
#9 C:\xampp\htdocs\c2sistemaventas\system\Commands\Server\rewrite.php(43): require_once('C:\\xampp\\htdocs...')
#10 {main}
CRITICAL - 2022-03-23 02:24:12 --> Array to string conversion
#0 C:\xampp\htdocs\c2sistemaventas\app\Views\Js\income.php(8): CodeIgniter\Debug\Exceptions->errorHandler(2, 'Array to string...', 'C:\\xampp\\htdocs...', 8)
#1 C:\xampp\htdocs\c2sistemaventas\system\View\View.php(210): include('C:\\xampp\\htdocs...')
#2 C:\xampp\htdocs\c2sistemaventas\system\View\View.php(213): CodeIgniter\View\View->CodeIgniter\View\{closure}()
#3 C:\xampp\htdocs\c2sistemaventas\system\Common.php(1089): CodeIgniter\View\View->render('Js/income', Array, true)
#4 C:\xampp\htdocs\c2sistemaventas\app\Controllers\Income.php(26): view('Js/income')
#5 C:\xampp\htdocs\c2sistemaventas\system\CodeIgniter.php(825): App\Controllers\Income->index()
#6 C:\xampp\htdocs\c2sistemaventas\system\CodeIgniter.php(412): CodeIgniter\CodeIgniter->runController(Object(App\Controllers\Income))
#7 C:\xampp\htdocs\c2sistemaventas\system\CodeIgniter.php(320): CodeIgniter\CodeIgniter->handleRequest(NULL, Object(Config\Cache), false)
#8 C:\xampp\htdocs\c2sistemaventas\public\index.php(37): CodeIgniter\CodeIgniter->run()
#9 C:\xampp\htdocs\c2sistemaventas\system\Commands\Server\rewrite.php(43): require_once('C:\\xampp\\htdocs...')
#10 {main}
CRITICAL - 2022-03-23 02:24:39 --> Array to string conversion
#0 C:\xampp\htdocs\c2sistemaventas\app\Views\Js\income.php(8): CodeIgniter\Debug\Exceptions->errorHandler(2, 'Array to string...', 'C:\\xampp\\htdocs...', 8)
#1 C:\xampp\htdocs\c2sistemaventas\system\View\View.php(210): include('C:\\xampp\\htdocs...')
#2 C:\xampp\htdocs\c2sistemaventas\system\View\View.php(213): CodeIgniter\View\View->CodeIgniter\View\{closure}()
#3 C:\xampp\htdocs\c2sistemaventas\system\Common.php(1089): CodeIgniter\View\View->render('Js/income', Array, true)
#4 C:\xampp\htdocs\c2sistemaventas\app\Controllers\Income.php(26): view('Js/income')
#5 C:\xampp\htdocs\c2sistemaventas\system\CodeIgniter.php(825): App\Controllers\Income->index()
#6 C:\xampp\htdocs\c2sistemaventas\system\CodeIgniter.php(412): CodeIgniter\CodeIgniter->runController(Object(App\Controllers\Income))
#7 C:\xampp\htdocs\c2sistemaventas\system\CodeIgniter.php(320): CodeIgniter\CodeIgniter->handleRequest(NULL, Object(Config\Cache), false)
#8 C:\xampp\htdocs\c2sistemaventas\public\index.php(37): CodeIgniter\CodeIgniter->run()
#9 C:\xampp\htdocs\c2sistemaventas\system\Commands\Server\rewrite.php(43): require_once('C:\\xampp\\htdocs...')
#10 {main}
CRITICAL - 2022-03-23 02:25:02 --> Array to string conversion
#0 C:\xampp\htdocs\c2sistemaventas\app\Views\Js\income.php(8): CodeIgniter\Debug\Exceptions->errorHandler(2, 'Array to string...', 'C:\\xampp\\htdocs...', 8)
#1 C:\xampp\htdocs\c2sistemaventas\system\View\View.php(210): include('C:\\xampp\\htdocs...')
#2 C:\xampp\htdocs\c2sistemaventas\system\View\View.php(213): CodeIgniter\View\View->CodeIgniter\View\{closure}()
#3 C:\xampp\htdocs\c2sistemaventas\system\Common.php(1089): CodeIgniter\View\View->render('Js/income', Array, true)
#4 C:\xampp\htdocs\c2sistemaventas\app\Controllers\Income.php(26): view('Js/income')
#5 C:\xampp\htdocs\c2sistemaventas\system\CodeIgniter.php(825): App\Controllers\Income->index()
#6 C:\xampp\htdocs\c2sistemaventas\system\CodeIgniter.php(412): CodeIgniter\CodeIgniter->runController(Object(App\Controllers\Income))
#7 C:\xampp\htdocs\c2sistemaventas\system\CodeIgniter.php(320): CodeIgniter\CodeIgniter->handleRequest(NULL, Object(Config\Cache), false)
#8 C:\xampp\htdocs\c2sistemaventas\public\index.php(37): CodeIgniter\CodeIgniter->run()
#9 C:\xampp\htdocs\c2sistemaventas\system\Commands\Server\rewrite.php(43): require_once('C:\\xampp\\htdocs...')
#10 {main}
CRITICAL - 2022-03-23 02:25:35 --> Array to string conversion
#0 C:\xampp\htdocs\c2sistemaventas\app\Views\Js\income.php(8): CodeIgniter\Debug\Exceptions->errorHandler(2, 'Array to string...', 'C:\\xampp\\htdocs...', 8)
#1 C:\xampp\htdocs\c2sistemaventas\system\View\View.php(210): include('C:\\xampp\\htdocs...')
#2 C:\xampp\htdocs\c2sistemaventas\system\View\View.php(213): CodeIgniter\View\View->CodeIgniter\View\{closure}()
#3 C:\xampp\htdocs\c2sistemaventas\system\Common.php(1089): CodeIgniter\View\View->render('Js/income', Array, true)
#4 C:\xampp\htdocs\c2sistemaventas\app\Controllers\Income.php(26): view('Js/income')
#5 C:\xampp\htdocs\c2sistemaventas\system\CodeIgniter.php(825): App\Controllers\Income->index()
#6 C:\xampp\htdocs\c2sistemaventas\system\CodeIgniter.php(412): CodeIgniter\CodeIgniter->runController(Object(App\Controllers\Income))
#7 C:\xampp\htdocs\c2sistemaventas\system\CodeIgniter.php(320): CodeIgniter\CodeIgniter->handleRequest(NULL, Object(Config\Cache), false)
#8 C:\xampp\htdocs\c2sistemaventas\public\index.php(37): CodeIgniter\CodeIgniter->run()
#9 C:\xampp\htdocs\c2sistemaventas\system\Commands\Server\rewrite.php(43): require_once('C:\\xampp\\htdocs...')
#10 {main}
CRITICAL - 2022-03-23 02:26:17 --> Array to string conversion
#0 C:\xampp\htdocs\c2sistemaventas\app\Views\Js\income.php(8): CodeIgniter\Debug\Exceptions->errorHandler(2, 'Array to string...', 'C:\\xampp\\htdocs...', 8)
#1 C:\xampp\htdocs\c2sistemaventas\system\View\View.php(210): include('C:\\xampp\\htdocs...')
#2 C:\xampp\htdocs\c2sistemaventas\system\View\View.php(213): CodeIgniter\View\View->CodeIgniter\View\{closure}()
#3 C:\xampp\htdocs\c2sistemaventas\system\Common.php(1089): CodeIgniter\View\View->render('Js/income', Array, true)
#4 C:\xampp\htdocs\c2sistemaventas\app\Controllers\Income.php(26): view('Js/income')
#5 C:\xampp\htdocs\c2sistemaventas\system\CodeIgniter.php(825): App\Controllers\Income->index()
#6 C:\xampp\htdocs\c2sistemaventas\system\CodeIgniter.php(412): CodeIgniter\CodeIgniter->runController(Object(App\Controllers\Income))
#7 C:\xampp\htdocs\c2sistemaventas\system\CodeIgniter.php(320): CodeIgniter\CodeIgniter->handleRequest(NULL, Object(Config\Cache), false)
#8 C:\xampp\htdocs\c2sistemaventas\public\index.php(37): CodeIgniter\CodeIgniter->run()
#9 C:\xampp\htdocs\c2sistemaventas\system\Commands\Server\rewrite.php(43): require_once('C:\\xampp\\htdocs...')
#10 {main}
