CRITICAL - 2022-02-23 11:58:03 --> Undefined variable $products
#0 C:\xampp\htdocs\c2sistemaventas\app\Views\supplier.php(31): CodeIgniter\Debug\Exceptions->errorHandler(2, 'Undefined varia...', 'C:\\xampp\\htdocs...', 31)
#1 C:\xampp\htdocs\c2sistemaventas\system\View\View.php(210): include('C:\\xampp\\htdocs...')
#2 C:\xampp\htdocs\c2sistemaventas\system\View\View.php(213): CodeIgniter\View\View->CodeIgniter\View\{closure}()
#3 C:\xampp\htdocs\c2sistemaventas\system\Common.php(1089): CodeIgniter\View\View->render('supplier', Array, true)
#4 C:\xampp\htdocs\c2sistemaventas\app\Controllers\Supplier.php(21): view('supplier')
#5 C:\xampp\htdocs\c2sistemaventas\system\CodeIgniter.php(825): App\Controllers\Supplier->index()
#6 C:\xampp\htdocs\c2sistemaventas\system\CodeIgniter.php(412): CodeIgniter\CodeIgniter->runController(Object(App\Controllers\Supplier))
#7 C:\xampp\htdocs\c2sistemaventas\system\CodeIgniter.php(320): CodeIgniter\CodeIgniter->handleRequest(NULL, Object(Config\Cache), false)
#8 C:\xampp\htdocs\c2sistemaventas\public\index.php(37): CodeIgniter\CodeIgniter->run()
#9 C:\xampp\htdocs\c2sistemaventas\system\Commands\Server\rewrite.php(43): require_once('C:\\xampp\\htdocs...')
#10 {main}
CRITICAL - 2022-02-23 11:59:18 --> foreach() argument must be of type array|object, null given
#0 C:\xampp\htdocs\c2sistemaventas\app\Views\supplier.php(31): CodeIgniter\Debug\Exceptions->errorHandler(2, 'foreach() argum...', 'C:\\xampp\\htdocs...', 31)
#1 C:\xampp\htdocs\c2sistemaventas\system\View\View.php(210): include('C:\\xampp\\htdocs...')
#2 C:\xampp\htdocs\c2sistemaventas\system\View\View.php(213): CodeIgniter\View\View->CodeIgniter\View\{closure}()
#3 C:\xampp\htdocs\c2sistemaventas\system\Common.php(1089): CodeIgniter\View\View->render('supplier', Array, true)
#4 C:\xampp\htdocs\c2sistemaventas\app\Controllers\Supplier.php(21): view('supplier')
#5 C:\xampp\htdocs\c2sistemaventas\system\CodeIgniter.php(825): App\Controllers\Supplier->index()
#6 C:\xampp\htdocs\c2sistemaventas\system\CodeIgniter.php(412): CodeIgniter\CodeIgniter->runController(Object(App\Controllers\Supplier))
#7 C:\xampp\htdocs\c2sistemaventas\system\CodeIgniter.php(320): CodeIgniter\CodeIgniter->handleRequest(NULL, Object(Config\Cache), false)
#8 C:\xampp\htdocs\c2sistemaventas\public\index.php(37): CodeIgniter\CodeIgniter->run()
#9 C:\xampp\htdocs\c2sistemaventas\system\Commands\Server\rewrite.php(43): require_once('C:\\xampp\\htdocs...')
#10 {main}
CRITICAL - 2022-02-23 16:16:07 --> Call to undefined function validate()
#0 C:\xampp\htdocs\c2sistemaventas\system\View\View.php(210): include()
#1 C:\xampp\htdocs\c2sistemaventas\system\View\View.php(213): CodeIgniter\View\View->CodeIgniter\View\{closure}()
#2 C:\xampp\htdocs\c2sistemaventas\system\Common.php(1089): CodeIgniter\View\View->render('Category/main', Array, true)
#3 C:\xampp\htdocs\c2sistemaventas\app\Controllers\Category\Main.php(17): view('Category/main', Array)
#4 C:\xampp\htdocs\c2sistemaventas\system\CodeIgniter.php(825): App\Controllers\Category\Main->index()
#5 C:\xampp\htdocs\c2sistemaventas\system\CodeIgniter.php(412): CodeIgniter\CodeIgniter->runController(Object(App\Controllers\Category\Main))
#6 C:\xampp\htdocs\c2sistemaventas\system\CodeIgniter.php(320): CodeIgniter\CodeIgniter->handleRequest(NULL, Object(Config\Cache), false)
#7 C:\xampp\htdocs\c2sistemaventas\public\index.php(37): CodeIgniter\CodeIgniter->run()
#8 C:\xampp\htdocs\c2sistemaventas\system\Commands\Server\rewrite.php(43): require_once('C:\\xampp\\htdocs...')
#9 {main}
