ERROR - 2022-02-25 09:15:38 --> Error connecting to the database: No se puede establecer una conexión ya que el equipo de destino denegó expresamente dicha conexión
CRITICAL - 2022-02-25 09:15:38 --> Unable to connect to the database.
Main connection [MySQLi]: No se puede establecer una conexión ya que el equipo de destino denegó expresamente dicha conexión
#0 C:\xampp\htdocs\c2sistemaventas\system\Database\BaseConnection.php(577): CodeIgniter\Database\BaseConnection->initialize()
#1 C:\xampp\htdocs\c2sistemaventas\system\Database\BaseBuilder.php(1455): CodeIgniter\Database\BaseConnection->query('SELECT *\nFROM `...', Array, false)
#2 C:\xampp\htdocs\c2sistemaventas\app\Models\CategoryModel.php(10): CodeIgniter\Database\BaseBuilder->get()
#3 C:\xampp\htdocs\c2sistemaventas\app\Controllers\Category\Main.php(12): App\Models\CategoryModel->readCategorys()
#4 C:\xampp\htdocs\c2sistemaventas\system\CodeIgniter.php(825): App\Controllers\Category\Main->index()
#5 C:\xampp\htdocs\c2sistemaventas\system\CodeIgniter.php(412): CodeIgniter\CodeIgniter->runController(Object(App\Controllers\Category\Main))
#6 C:\xampp\htdocs\c2sistemaventas\system\CodeIgniter.php(320): CodeIgniter\CodeIgniter->handleRequest(NULL, Object(Config\Cache), false)
#7 C:\xampp\htdocs\c2sistemaventas\public\index.php(37): CodeIgniter\CodeIgniter->run()
#8 C:\xampp\htdocs\c2sistemaventas\system\Commands\Server\rewrite.php(43): require_once('C:\\xampp\\htdocs...')
#9 {main}
ERROR - 2022-02-25 14:01:11 --> Error connecting to the database: No se puede establecer una conexión ya que el equipo de destino denegó expresamente dicha conexión
CRITICAL - 2022-02-25 14:01:11 --> Unable to connect to the database.
Main connection [MySQLi]: No se puede establecer una conexión ya que el equipo de destino denegó expresamente dicha conexión
#0 C:\xampp\htdocs\c2sistemaventas\system\Database\BaseConnection.php(577): CodeIgniter\Database\BaseConnection->initialize()
#1 C:\xampp\htdocs\c2sistemaventas\system\Database\BaseBuilder.php(1455): CodeIgniter\Database\BaseConnection->query('SELECT *\nFROM `...', Array, false)
#2 C:\xampp\htdocs\c2sistemaventas\app\Models\CategoryModel.php(10): CodeIgniter\Database\BaseBuilder->get()
#3 C:\xampp\htdocs\c2sistemaventas\app\Controllers\Category\Main.php(12): App\Models\CategoryModel->readCategorys()
#4 C:\xampp\htdocs\c2sistemaventas\system\CodeIgniter.php(825): App\Controllers\Category\Main->index()
#5 C:\xampp\htdocs\c2sistemaventas\system\CodeIgniter.php(412): CodeIgniter\CodeIgniter->runController(Object(App\Controllers\Category\Main))
#6 C:\xampp\htdocs\c2sistemaventas\system\CodeIgniter.php(320): CodeIgniter\CodeIgniter->handleRequest(NULL, Object(Config\Cache), false)
#7 C:\xampp\htdocs\c2sistemaventas\public\index.php(37): CodeIgniter\CodeIgniter->run()
#8 C:\xampp\htdocs\c2sistemaventas\system\Commands\Server\rewrite.php(43): require_once('C:\\xampp\\htdocs...')
#9 {main}
ERROR - 2022-02-25 16:49:46 --> Cannot delete or update a parent row: a foreign key constraint fails (`salessystem`.`product`, CONSTRAINT `product_ibfk_1` FOREIGN KEY (`category_id`) REFERENCES `category` (`id`))
ERROR - 2022-02-25 16:54:06 --> Cannot delete or update a parent row: a foreign key constraint fails (`salessystem`.`product`, CONSTRAINT `product_ibfk_1` FOREIGN KEY (`category_id`) REFERENCES `category` (`id`))
ERROR - 2022-02-25 16:55:48 --> Cannot delete or update a parent row: a foreign key constraint fails (`salessystem`.`product`, CONSTRAINT `product_ibfk_1` FOREIGN KEY (`category_id`) REFERENCES `category` (`id`))
ERROR - 2022-02-25 17:02:44 --> Cannot delete or update a parent row: a foreign key constraint fails (`salessystem`.`product`, CONSTRAINT `product_ibfk_1` FOREIGN KEY (`category_id`) REFERENCES `category` (`id`))
ERROR - 2022-02-25 17:02:49 --> Cannot delete or update a parent row: a foreign key constraint fails (`salessystem`.`product`, CONSTRAINT `product_ibfk_1` FOREIGN KEY (`category_id`) REFERENCES `category` (`id`))
ERROR - 2022-02-25 17:04:50 --> Cannot delete or update a parent row: a foreign key constraint fails (`salessystem`.`product`, CONSTRAINT `product_ibfk_1` FOREIGN KEY (`category_id`) REFERENCES `category` (`id`))
ERROR - 2022-02-25 19:22:43 --> Cannot delete or update a parent row: a foreign key constraint fails (`salessystem`.`product`, CONSTRAINT `product_ibfk_1` FOREIGN KEY (`category_id`) REFERENCES `category` (`id`))
CRITICAL - 2022-02-25 20:01:21 --> Attempt to read property "name" on null
#0 C:\xampp\htdocs\c2sistemaventas\app\Controllers\Category.php(61): CodeIgniter\Debug\Exceptions->errorHandler(2, 'Attempt to read...', 'C:\\xampp\\htdocs...', 61)
#1 C:\xampp\htdocs\c2sistemaventas\system\CodeIgniter.php(825): App\Controllers\Category->update()
#2 C:\xampp\htdocs\c2sistemaventas\system\CodeIgniter.php(412): CodeIgniter\CodeIgniter->runController(Object(App\Controllers\Category))
#3 C:\xampp\htdocs\c2sistemaventas\system\CodeIgniter.php(320): CodeIgniter\CodeIgniter->handleRequest(NULL, Object(Config\Cache), false)
#4 C:\xampp\htdocs\c2sistemaventas\public\index.php(37): CodeIgniter\CodeIgniter->run()
#5 C:\xampp\htdocs\c2sistemaventas\system\Commands\Server\rewrite.php(43): require_once('C:\\xampp\\htdocs...')
#6 {main}
CRITICAL - 2022-02-25 20:04:36 --> Attempt to read property "name" on null
#0 C:\xampp\htdocs\c2sistemaventas\app\Controllers\Category.php(61): CodeIgniter\Debug\Exceptions->errorHandler(2, 'Attempt to read...', 'C:\\xampp\\htdocs...', 61)
#1 C:\xampp\htdocs\c2sistemaventas\system\CodeIgniter.php(825): App\Controllers\Category->update()
#2 C:\xampp\htdocs\c2sistemaventas\system\CodeIgniter.php(412): CodeIgniter\CodeIgniter->runController(Object(App\Controllers\Category))
#3 C:\xampp\htdocs\c2sistemaventas\system\CodeIgniter.php(320): CodeIgniter\CodeIgniter->handleRequest(NULL, Object(Config\Cache), false)
#4 C:\xampp\htdocs\c2sistemaventas\public\index.php(37): CodeIgniter\CodeIgniter->run()
#5 C:\xampp\htdocs\c2sistemaventas\system\Commands\Server\rewrite.php(43): require_once('C:\\xampp\\htdocs...')
#6 {main}
CRITICAL - 2022-02-25 20:04:37 --> Attempt to read property "name" on null
#0 C:\xampp\htdocs\c2sistemaventas\app\Controllers\Category.php(61): CodeIgniter\Debug\Exceptions->errorHandler(2, 'Attempt to read...', 'C:\\xampp\\htdocs...', 61)
#1 C:\xampp\htdocs\c2sistemaventas\system\CodeIgniter.php(825): App\Controllers\Category->update()
#2 C:\xampp\htdocs\c2sistemaventas\system\CodeIgniter.php(412): CodeIgniter\CodeIgniter->runController(Object(App\Controllers\Category))
#3 C:\xampp\htdocs\c2sistemaventas\system\CodeIgniter.php(320): CodeIgniter\CodeIgniter->handleRequest(NULL, Object(Config\Cache), false)
#4 C:\xampp\htdocs\c2sistemaventas\public\index.php(37): CodeIgniter\CodeIgniter->run()
#5 C:\xampp\htdocs\c2sistemaventas\system\Commands\Server\rewrite.php(43): require_once('C:\\xampp\\htdocs...')
#6 {main}
