CRITICAL - 2022-04-10 21:44:15 --> The framework needs the following extension(s) installed and loaded: intl.
#0 C:\xampp\htdocs\c2sistemaventas\system\CodeIgniter.php(219): CodeIgniter\Exceptions\FrameworkException::forMissingExtension('intl')
#1 C:\xampp\htdocs\c2sistemaventas\system\CodeIgniter.php(177): CodeIgniter\CodeIgniter->resolvePlatformExtensions()
#2 C:\xampp\htdocs\c2sistemaventas\system\bootstrap.php(146): CodeIgniter\CodeIgniter->initialize()
#3 C:\xampp\htdocs\c2sistemaventas\spark(45): require('C:\\xampp\\htdocs...')
#4 {main}
CRITICAL - 2022-04-10 21:46:10 --> The framework needs the following extension(s) installed and loaded: intl.
#0 C:\xampp\htdocs\c2sistemaventas\system\CodeIgniter.php(219): CodeIgniter\Exceptions\FrameworkException::forMissingExtension('intl')
#1 C:\xampp\htdocs\c2sistemaventas\system\CodeIgniter.php(177): CodeIgniter\CodeIgniter->resolvePlatformExtensions()
#2 C:\xampp\htdocs\c2sistemaventas\system\bootstrap.php(146): CodeIgniter\CodeIgniter->initialize()
#3 C:\xampp\htdocs\c2sistemaventas\spark(45): require('C:\\xampp\\htdocs...')
#4 {main}
CRITICAL - 2022-04-10 21:47:30 --> The framework needs the following extension(s) installed and loaded: intl.
#0 C:\xampp\htdocs\c2sistemaventas\system\CodeIgniter.php(219): CodeIgniter\Exceptions\FrameworkException::forMissingExtension('intl')
#1 C:\xampp\htdocs\c2sistemaventas\system\CodeIgniter.php(177): CodeIgniter\CodeIgniter->resolvePlatformExtensions()
#2 C:\xampp\htdocs\c2sistemaventas\system\bootstrap.php(146): CodeIgniter\CodeIgniter->initialize()
#3 C:\xampp\htdocs\c2sistemaventas\spark(45): require('C:\\xampp\\htdocs...')
#4 {main}
CRITICAL - 2022-04-10 21:48:55 --> The framework needs the following extension(s) installed and loaded: intl.
#0 C:\xampp\htdocs\c2sistemaventas\system\CodeIgniter.php(219): CodeIgniter\Exceptions\FrameworkException::forMissingExtension('intl')
#1 C:\xampp\htdocs\c2sistemaventas\system\CodeIgniter.php(177): CodeIgniter\CodeIgniter->resolvePlatformExtensions()
#2 C:\xampp\htdocs\c2sistemaventas\system\bootstrap.php(146): CodeIgniter\CodeIgniter->initialize()
#3 C:\xampp\htdocs\c2sistemaventas\spark(45): require('C:\\xampp\\htdocs...')
#4 {main}
CRITICAL - 2022-04-10 21:50:10 --> The framework needs the following extension(s) installed and loaded: intl.
#0 C:\xampp\htdocs\c2sistemaventas\system\CodeIgniter.php(219): CodeIgniter\Exceptions\FrameworkException::forMissingExtension('intl')
#1 C:\xampp\htdocs\c2sistemaventas\system\CodeIgniter.php(177): CodeIgniter\CodeIgniter->resolvePlatformExtensions()
#2 C:\xampp\htdocs\c2sistemaventas\system\bootstrap.php(146): CodeIgniter\CodeIgniter->initialize()
#3 C:\xampp\htdocs\c2sistemaventas\spark(45): require('C:\\xampp\\htdocs...')
#4 {main}
CRITICAL - 2022-04-10 21:50:48 --> The framework needs the following extension(s) installed and loaded: intl.
#0 C:\xampp\htdocs\c2sistemaventas\system\CodeIgniter.php(219): CodeIgniter\Exceptions\FrameworkException::forMissingExtension('intl')
#1 C:\xampp\htdocs\c2sistemaventas\system\CodeIgniter.php(177): CodeIgniter\CodeIgniter->resolvePlatformExtensions()
#2 C:\xampp\htdocs\c2sistemaventas\system\bootstrap.php(146): CodeIgniter\CodeIgniter->initialize()
#3 C:\xampp\htdocs\c2sistemaventas\spark(45): require('C:\\xampp\\htdocs...')
#4 {main}
